L 0,4 [status: miss, insert_block: 0x0]
L 1c,4 [status: miss, insert_block: 0x0]
L 8,4 [status: miss, insert_block: 0x0]
L 14,4 [status: miss, insert_block: 0x0]
M 10,4 [status: miss, insert_block: 0x0]
M c,4 [status: miss, insert_block: 0x0]
L 18,4 [status: miss, insert_block: 0x0]
L 4,4 [status: miss, insert_block: 0x0]
S 20,4 [status: miss, insert_block: 0x0]
S 24,4 [status: miss, insert_block: 0x0]
L 0,4 [status: miss, insert_block: 0x0]
L 0,4 [status: miss, insert_block: 0x0]
L 0,4 [status: miss, insert_block: 0x0]
L 0,4 [status: miss, insert_block: 0x0]
L 1c,4 [status: miss, insert_block: 0x0]
L 1c,4 [status: miss, insert_block: 0x0]
L 1c,4 [status: miss, insert_block: 0x0]
L 1c,4 [status: miss, insert_block: 0x0]
M 8,4 [status: miss, insert_block: 0x0]
M 14,4 [status: miss, insert_block: 0x0]
L 10,4 [status: miss, insert_block: 0x0]
L c,4 [status: miss, insert_block: 0x0]
L 18,4 [status: miss, insert_block: 0x0]
L 4,4 [status: miss, insert_block: 0x0]
L 20,4 [status: miss, insert_block: 0x0]
L 24,4 [status: miss, insert_block: 0x0]
L 0,4 [status: miss, insert_block: 0x0]
L 1c,4 [status: miss, insert_block: 0x0]
